<?xml version="1.0" encoding="UTF-8"?>
<!-- Generated by org.testng.reporters.JUnitReportReporter -->
<testsuite name="com.unify.testcases.VerifyNewLoginPage" tests="1" time="4.493" ignored="0" failures="0" timestamp="09 Jan 2017 12:51:29 GMT" skipped="0" hostname="LAPTOP-D0VP54JV" errors="0">
  <testcase name="checkvaliduser" time="4.493" classname="com.unify.testcases.VerifyNewLoginPage"/>
</testsuite> <!-- com.unify.testcases.VerifyNewLoginPage -->
