<?xml version="1.0" encoding="UTF-8"?>
<!-- Generated by org.testng.reporters.JUnitReportReporter -->
<testsuite name="com.unify.testcases.Verifylogin" tests="1" time="4.997" ignored="0" failures="0" timestamp="09 Jan 2017 12:51:29 GMT" skipped="0" hostname="LAPTOP-D0VP54JV" errors="0">
  <testcase name="verifyvalidlogin" time="4.997" classname="com.unify.testcases.Verifylogin"/>
</testsuite> <!-- com.unify.testcases.Verifylogin -->
