<?xml version="1.0" encoding="UTF-8"?>
<!-- Generated by org.testng.reporters.JUnitReportReporter -->
<testsuite name="com.unify.testcases.ForgotPasswordverify" tests="1" time="5.402" ignored="0" failures="0" timestamp="27 Dec 2016 10:59:48 GMT" skipped="0" hostname="Rams-PC" errors="0">
  <testcase name="verifyvalidlogin" time="5.402" classname="com.unify.testcases.ForgotPasswordverify"/>
</testsuite> <!-- com.unify.testcases.ForgotPasswordverify -->
