<?xml version="1.0" encoding="UTF-8"?>
<!-- Generated by org.testng.reporters.JUnitReportReporter -->
<testsuite name="com.unify.testcases.Verifylogin" tests="1" time="5.601" ignored="0" failures="0" timestamp="02 Jan 2017 07:08:26 GMT" skipped="0" hostname="Rams-PC" errors="0">
  <testcase name="verifyvalidlogin" time="5.601" classname="com.unify.testcases.Verifylogin"/>
</testsuite> <!-- com.unify.testcases.Verifylogin -->
